[22:43:27] [main/INFO]: Setting user: OverMinethousand
[22:43:29] [Client thread/INFO]: LWJGL Version: 2.9.1
[22:43:45] [Client thread/INFO]: Reloading ResourceManager: Default, FMLFileResourcePack:Forge Mod Loader, FMLFileResourcePack:Minecraft Forge, FMLFileResourcePack:Not Enough Items, HxCCapeResourcePack:HxC-Core, FMLFileResourcePack:ArmorStatusHUD, FMLFileResourcePack:Ancient Trees, FMLFileResourcePack:Applied Energistics 2, FMLFileResourcePack:Backpack, FMLFileResourcePack:Battle Towers, FMLFileResourcePack:Better Builder's Wands, FMLFileResourcePack:BiblioCraft, FMLFileResourcePack:Big Reactors, FMLFileResourcePack:The BigTrees Mod, FMLFileResourcePack:Brandon's Core, FMLFileResourcePack:Chisel, FMLFileResourcePack:Clienthax's ChocoCraft, FMLFileResourcePack:Chocolate Quest, FMLFileResourcePack:CoFH Core, FMLFileResourcePack:Draconic Evolution, FMLFileResourcePack:Dungeon Mobs, FMLFileResourcePack:Enchanting Plus, FMLFileResourcePack:EnderCore, FMLFileResourcePack:Ender IO, FMLFileResourcePack:Extra Cells 2, FMLFileResourcePack:ExtraTiC, FMLFileResourcePack:Extra Utilities, FMLFileResourcePack:Fairy Lights, FMLFileResourcePack:Forestry for Minecraft, FMLFileResourcePack:Gravestone, FMLFileResourcePack:Hats, FMLFileResourcePack:Health Indicator, FMLFileResourcePack:Hardcore Questing Mode, FMLFileResourcePack:HxC-Core, FMLFileResourcePack:HxC-Core, FMLFileResourcePack:HxC Enchants, FMLFileResourcePack:iChunUtil, FMLFileResourcePack:Iguana Tinker Tweaks, FMLFileResourcePack:Infernal Mobs, FMLFileResourcePack:Inventory Tweaks, FMLFileResourcePack:Iron Chest, FMLFileResourcePack:JABBA, FMLFileResourcePack:JourneyMap, FMLFileResourcePack:Kore Sample, FMLFileResourcePack:Levels, FMLFileResourcePack:Loot Bags, FMLFileResourcePack:Mantle, FMLFileResourcePack:Metallurgy 4, FMLFileResourcePack:Metallurgy Core, FMLFileResourcePack:MineFactory Reloaded, FMLFileResourcePack:MFR Compat: Applied Energistics, FMLFileResourcePack:MFR Compat: Chococraft, FMLFileResourcePack:MFR Compat: Forestry, FMLFileResourcePack:MFR Compat: ForgeMicroblock, FMLFileResourcePack:MFR Compat: Thermal Expansion, FMLFileResourcePack:MFR Compat: Tinkers' Construct, FMLFileResourcePack:MFR Compat: TwilightForest, FMLFileResourcePack:MFR Compat: Vanilla, FMLFileResourcePack:§4§lMore Fuels Mod, FMLFileResourcePack:Morpheus, FMLFileResourcePack:Mouse Tweaks, FMLFileResourcePack:Mystcraft, FMLFileResourcePack:Mystical Mobs, FMLFileResourcePack:No Mob Spawning on Trees, FMLFileResourcePack:OpenBlocks, FMLFileResourcePack:OpenMods, FMLFileResourcePack:Ore Dictionary Converter, FMLFileResourcePack:Pam's HarvestCraft, FMLFileResourcePack:Random Things, FMLFileResourcePack:Reliquary, FMLFileResourcePack:libsandstone, FMLFileResourcePack:Roguelike Dungeons, FMLFileResourcePack:Simply Jetpacks, FMLFileResourcePack:Special Mobs, FMLFileResourcePack:Tinkers' Construct, FMLFileResourcePack:Thermal Expansion, FMLFileResourcePack:Thermal Foundation, FMLFileResourcePack:TiC Tooltips, FMLFileResourcePack:The Twilight Forest, FMLFileResourcePack:Waila, FMLFileResourcePack:Waila Harvestability, FMLFileResourcePack:bspkrsCore
[22:43:59] [Sound Library Loader/INFO]: Sound engine started
[22:43:59] [Client thread/INFO]: Created: 16x16 textures/blocks-atlas
[22:44:00] [Client thread/INFO]: Created: 16x16 textures/items-atlas
[22:44:14] [Client thread/INFO]: Reloading ResourceManager: Default, FMLFileResourcePack:Forge Mod Loader, FMLFileResourcePack:Minecraft Forge, FMLFileResourcePack:Not Enough Items, HxCCapeResourcePack:HxC-Core, FMLFileResourcePack:ArmorStatusHUD, FMLFileResourcePack:Ancient Trees, FMLFileResourcePack:Applied Energistics 2, FMLFileResourcePack:Backpack, FMLFileResourcePack:Battle Towers, FMLFileResourcePack:Better Builder's Wands, FMLFileResourcePack:BiblioCraft, FMLFileResourcePack:Big Reactors, FMLFileResourcePack:The BigTrees Mod, FMLFileResourcePack:Brandon's Core, FMLFileResourcePack:Chisel, FMLFileResourcePack:Clienthax's ChocoCraft, FMLFileResourcePack:Chocolate Quest, FMLFileResourcePack:CoFH Core, FMLFileResourcePack:Draconic Evolution, FMLFileResourcePack:Dungeon Mobs, FMLFileResourcePack:Enchanting Plus, FMLFileResourcePack:EnderCore, FMLFileResourcePack:Ender IO, FMLFileResourcePack:Extra Cells 2, FMLFileResourcePack:ExtraTiC, FMLFileResourcePack:Extra Utilities, FMLFileResourcePack:Fairy Lights, FMLFileResourcePack:Forestry for Minecraft, FMLFileResourcePack:Gravestone, FMLFileResourcePack:Hats, FMLFileResourcePack:Health Indicator, FMLFileResourcePack:Hardcore Questing Mode, FMLFileResourcePack:HxC-Core, FMLFileResourcePack:HxC-Core, FMLFileResourcePack:HxC Enchants, FMLFileResourcePack:iChunUtil, FMLFileResourcePack:Iguana Tinker Tweaks, FMLFileResourcePack:Infernal Mobs, FMLFileResourcePack:Inventory Tweaks, FMLFileResourcePack:Iron Chest, FMLFileResourcePack:JABBA, FMLFileResourcePack:JourneyMap, FMLFileResourcePack:Kore Sample, FMLFileResourcePack:Levels, FMLFileResourcePack:Loot Bags, FMLFileResourcePack:Mantle, FMLFileResourcePack:Metallurgy 4, FMLFileResourcePack:Metallurgy Core, FMLFileResourcePack:MineFactory Reloaded, FMLFileResourcePack:MFR Compat: Applied Energistics, FMLFileResourcePack:MFR Compat: Chococraft, FMLFileResourcePack:MFR Compat: Forestry, FMLFileResourcePack:MFR Compat: ForgeMicroblock, FMLFileResourcePack:MFR Compat: Thermal Expansion, FMLFileResourcePack:MFR Compat: Tinkers' Construct, FMLFileResourcePack:MFR Compat: TwilightForest, FMLFileResourcePack:MFR Compat: Vanilla, FMLFileResourcePack:§4§lMore Fuels Mod, FMLFileResourcePack:Morpheus, FMLFileResourcePack:Mouse Tweaks, FMLFileResourcePack:Mystcraft, FMLFileResourcePack:Mystical Mobs, FMLFileResourcePack:No Mob Spawning on Trees, FMLFileResourcePack:OpenBlocks, FMLFileResourcePack:OpenMods, FMLFileResourcePack:Ore Dictionary Converter, FMLFileResourcePack:Pam's HarvestCraft, FMLFileResourcePack:Random Things, FMLFileResourcePack:Reliquary, FMLFileResourcePack:libsandstone, FMLFileResourcePack:Roguelike Dungeons, FMLFileResourcePack:Simply Jetpacks, FMLFileResourcePack:Special Mobs, FMLFileResourcePack:Tinkers' Construct, FMLFileResourcePack:Thermal Expansion, FMLFileResourcePack:Thermal Foundation, FMLFileResourcePack:TiC Tooltips, FMLFileResourcePack:The Twilight Forest, FMLFileResourcePack:Waila, FMLFileResourcePack:Waila Harvestability, FMLFileResourcePack:bspkrsCore, resources, XU_Delegate_Pack, XU_Delegate_Pack, XU_Delegate_Pack
[22:44:26] [Client thread/INFO]: Created: 2048x2048 textures/blocks-atlas
[22:44:42] [Client thread/INFO]: Created: 2048x2048 textures/items-atlas
[22:44:43] [Sound Library Loader/INFO]: Sound engine started
[22:45:06] [Server thread/INFO]: Starting integrated minecraft server version 1.7.10
[22:45:06] [Server thread/INFO]: Generating keypair
[22:45:06] [Server thread/INFO]: Converting map!
[22:45:06] [Server thread/INFO]: Scanning folders...
[22:45:06] [Server thread/INFO]: Total conversion count is 0
[22:45:07] [Server thread/INFO]: Preparing start region for level 0
[22:45:08] [Server thread/INFO]: Preparing spawn area: 6%
[22:45:09] [Server thread/INFO]: Preparing spawn area: 16%
[22:45:10] [Server thread/INFO]: Preparing spawn area: 27%
[22:45:11] [Server thread/WARN]: Skipping Entity with id 
[22:45:11] [Server thread/WARN]: Skipping Entity with id 
[22:45:11] [Server thread/WARN]: Skipping Entity with id 
[22:45:11] [Server thread/WARN]: Skipping Entity with id 
[22:45:11] [Server thread/INFO]: Preparing spawn area: 35%
[22:45:12] [Server thread/INFO]: Preparing spawn area: 45%
[22:45:13] [Server thread/INFO]: Preparing spawn area: 52%
[22:45:14] [Server thread/INFO]: Preparing spawn area: 59%
[22:45:15] [Server thread/INFO]: Preparing spawn area: 72%
[22:45:17] [Server thread/INFO]: Preparing spawn area: 73%
[22:45:18] [Server thread/INFO]: Preparing spawn area: 84%
[22:45:19] [Server thread/INFO]: Preparing spawn area: 97%
[22:45:19] [Server thread/INFO]: Changing view distance to 12, from 10
[22:45:20] [Server thread/INFO]: OverMinethousand[local:E:bcf302ed] logged in with entity id 346 at (238.5, 72.0, 263.5)
[22:45:20] [Server thread/INFO]: OverMinethousand joined the game
[22:45:23] [Server thread/WARN]: Can't keep up! Did the system time change, or is the server overloaded? Running 3814ms behind, skipping 76 tick(s)
[22:45:28] [Client thread/INFO]: [CHAT] This server doesn't have Hardcore Questing Mode enabled.
[22:45:30] [Server thread/INFO]: Saving and pausing game...
[22:45:30] [Client thread/INFO]: [CHAT] InvTweaks: Configuration loaded.
[22:45:30] [Server thread/INFO]: Saving chunks for level 'New World'/Overworld
[22:45:34] [Server thread/INFO]: Saving chunks for level 'New World'/Nether
[22:45:34] [Server thread/INFO]: Saving chunks for level 'New World'/The End
[22:45:34] [Server thread/INFO]: Saving chunks for level 'New World'/Twilight Forest
[22:45:34] [Server thread/INFO]: Saving chunks for level 'New World'/SpectreWorld
[22:45:34] [Server thread/INFO]: Saving chunks for level 'New World'/Underdark
[22:45:34] [Server thread/INFO]: Saving chunks for level 'New World'/CONTROL
[22:45:34] [Server thread/INFO]: Saving chunks for level 'New World'/The Last Millenium
[22:45:37] [Client thread/INFO]: Warning: Clientside chunk ticking took 620 ms
[22:45:38] [Client thread/INFO]: [CHAT] Dungeon Mobs is up to date.
[22:45:38] [Client thread/INFO]: [CHAT] §6The mod Extra Cells 2 is supporting In-Game Wiki mod. §6However, In-Game Wiki isn't installed! [Download Latest]
[22:45:38] [Client thread/INFO]: Warning: Clientside chunk ticking took 194 ms
[22:45:38] [Client thread/INFO]: [CHAT] §eJourneyMap:§f Press [§bJ§f]
[22:45:42] [Server thread/WARN]: Can't keep up! Did the system time change, or is the server overloaded? Running 2105ms behind, skipping 42 tick(s)
[22:45:46] [Client thread/INFO]: [CHAT] §d[Draconic Evolution]§r New version available:
[22:45:46] [Client thread/INFO]: [CHAT] §aDraconic Evolution v1.0.2
[22:45:46] [Client thread/INFO]: [CHAT] More bug fixes! Hopefully fixed the chaos guardian issues once and for all...
[22:45:48] [Client thread/INFO]: Warning: Clientside chunk ticking took 558 ms
[22:45:48] [Client thread/INFO]: Warning: Clientside chunk ticking took 125 ms
[22:45:49] [Client thread/INFO]: Warning: Clientside chunk ticking took 372 ms
[22:45:52] [Client thread/INFO]: Warning: Clientside chunk ticking took 104 ms
[22:45:58] [Client thread/INFO]: [CHAT] Available commands are: /hqm §ehelp§f, /hqm §eversion§f, /hqm §equest§f, /hqm §ehardcore§f, /hqm §elives§f, /hqm §eedit§f, /hqm §eenable§f and /hqm §esave§f.
[22:46:02] [Client thread/INFO]: [CHAT] Questing mode is already activated.
[22:46:08] [Client thread/INFO]: Stopping!
[22:46:08] [Client Shutdown Thread/INFO]: Stopping server
