[22:46:39] [main/DEBUG] [FML/]: Injecting tracing printstreams for STDOUT/STDERR.
[22:46:39] [main/INFO] [FML/]: Forge Mod Loader version 7.99.40.1614 for Minecraft 1.7.10 loading
[22:46:39] [main/INFO] [FML/]: Java is Java HotSpot(TM) 64-Bit Server VM, version 1.8.0_25, running on Windows 10:amd64:10.0, installed at C:\Users\Mike\Documents\Curse\Minecraft\Install\runtime\jre-x64\1.8.0_25
[22:46:39] [main/DEBUG] [FML/]: Java classpath at launch is C:\Users\Mike\Documents\Curse\Minecraft\Install\libraries\net\minecraftforge\forge\1.7.10-10.13.4.1614-1.7.10\forge-1.7.10-10.13.4.1614-1.7.10.jar;C:\Users\Mike\Documents\Curse\Minecraft\Install\libraries\net\minecraft\launchwrapper\1.12\launchwrapper-1.12.jar;C:\Users\Mike\Documents\Curse\Minecraft\Install\libraries\org\ow2\asm\asm-all\5.0.3\asm-all-5.0.3.jar;C:\Users\Mike\Documents\Curse\Minecraft\Install\libraries\com\typesafe\akka\akka-actor_2.11\2.3.3\akka-actor_2.11-2.3.3.jar;C:\Users\Mike\Documents\Curse\Minecraft\Install\libraries\com\typesafe\config\1.2.1\config-1.2.1.jar;C:\Users\Mike\Documents\Curse\Minecraft\Install\libraries\org\scala-lang\scala-actors-migration_2.11\1.1.0\scala-actors-migration_2.11-1.1.0.jar;C:\Users\Mike\Documents\Curse\Minecraft\Install\libraries\org\scala-lang\scala-compiler\2.11.1\scala-compiler-2.11.1.jar;C:\Users\Mike\Documents\Curse\Minecraft\Install\libraries\org\scala-lang\plugins\scala-continuations-library_2.11\1.0.2\scala-continuations-library_2.11-1.0.2.jar;C:\Users\Mike\Documents\Curse\Minecraft\Install\libraries\org\scala-lang\plugins\scala-continuations-plugin_2.11.1\1.0.2\scala-continuations-plugin_2.11.1-1.0.2.jar;C:\Users\Mike\Documents\Curse\Minecraft\Install\libraries\org\scala-lang\scala-library\2.11.1\scala-library-2.11.1.jar;C:\Users\Mike\Documents\Curse\Minecraft\Install\libraries\org\scala-lang\scala-parser-combinators_2.11\1.0.1\scala-parser-combinators_2.11-1.0.1.jar;C:\Users\Mike\Documents\Curse\Minecraft\Install\libraries\org\scala-lang\scala-reflect\2.11.1\scala-reflect-2.11.1.jar;C:\Users\Mike\Documents\Curse\Minecraft\Install\libraries\org\scala-lang\scala-swing_2.11\1.0.1\scala-swing_2.11-1.0.1.jar;C:\Users\Mike\Documents\Curse\Minecraft\Install\libraries\org\scala-lang\scala-xml_2.11\1.0.2\scala-xml_2.11-1.0.2.jar;C:\Users\Mike\Documents\Curse\Minecraft\Install\libraries\lzma\lzma\0.0.1\lzma-0.0.1.jar;C:\Users\Mike\Documents\Curse\Minecraft\Install\libraries\net\sf\jopt-simple\jopt-simple\4.5\jopt-simple-4.5.jar;C:\Users\Mike\Documents\Curse\Minecraft\Install\libraries\com\google\guava\guava\17.0\guava-17.0.jar;C:\Users\Mike\Documents\Curse\Minecraft\Install\libraries\org\apache\commons\commons-lang3\3.3.2\commons-lang3-3.3.2.jar;C:\Users\Mike\Documents\Curse\Minecraft\Install\libraries\com\mojang\netty\1.6\netty-1.6.jar;C:\Users\Mike\Documents\Curse\Minecraft\Install\libraries\com\mojang\realms\1.3.5\realms-1.3.5.jar;C:\Users\Mike\Documents\Curse\Minecraft\Install\libraries\org\apache\commons\commons-compress\1.8.1\commons-compress-1.8.1.jar;C:\Users\Mike\Documents\Curse\Minecraft\Install\libraries\org\apache\httpcomponents\httpclient\4.3.3\httpclient-4.3.3.jar;C:\Users\Mike\Documents\Curse\Minecraft\Install\libraries\commons-logging\commons-logging\1.1.3\commons-logging-1.1.3.jar;C:\Users\Mike\Documents\Curse\Minecraft\Install\libraries\org\apache\httpcomponents\httpcore\4.3.2\httpcore-4.3.2.jar;C:\Users\Mike\Documents\Curse\Minecraft\Install\libraries\java3d\vecmath\1.3.1\vecmath-1.3.1.jar;C:\Users\Mike\Documents\Curse\Minecraft\Install\libraries\net\sf\trove4j\trove4j\3.0.3\trove4j-3.0.3.jar;C:\Users\Mike\Documents\Curse\Minecraft\Install\libraries\com\ibm\icu\icu4j-core-mojang\51.2\icu4j-core-mojang-51.2.jar;C:\Users\Mike\Documents\Curse\Minecraft\Install\libraries\net\sf\jopt-simple\jopt-simple\4.5\jopt-simple-4.5.jar;C:\Users\Mike\Documents\Curse\Minecraft\Install\libraries\com\paulscode\codecjorbis\20101023\codecjorbis-20101023.jar;C:\Users\Mike\Documents\Curse\Minecraft\Install\libraries\com\paulscode\codecwav\20101023\codecwav-20101023.jar;C:\Users\Mike\Documents\Curse\Minecraft\Install\libraries\com\paulscode\libraryjavasound\20101123\libraryjavasound-20101123.jar;C:\Users\Mike\Documents\Curse\Minecraft\Install\libraries\com\paulscode\librarylwjglopenal\20100824\librarylwjglopenal-20100824.jar;C:\Users\Mike\Documents\Curse\Minecraft\Install\libraries\com\paulscode\soundsystem\20120107\soundsystem-20120107.jar;C:\Users\Mike\Documents\Curse\Minecraft\Install\libraries\io\netty\netty-all\4.0.10.Final\netty-all-4.0.10.Final.jar;C:\Users\Mike\Documents\Curse\Minecraft\Install\libraries\com\google\guava\guava\15.0\guava-15.0.jar;C:\Users\Mike\Documents\Curse\Minecraft\Install\libraries\org\apache\commons\commons-lang3\3.1\commons-lang3-3.1.jar;C:\Users\Mike\Documents\Curse\Minecraft\Install\libraries\commons-io\commons-io\2.4\commons-io-2.4.jar;C:\Users\Mike\Documents\Curse\Minecraft\Install\libraries\commons-codec\commons-codec\1.9\commons-codec-1.9.jar;C:\Users\Mike\Documents\Curse\Minecraft\Install\libraries\net\java\jinput\jinput\2.0.5\jinput-2.0.5.jar;C:\Users\Mike\Documents\Curse\Minecraft\Install\libraries\net\java\jutils\jutils\1.0.0\jutils-1.0.0.jar;C:\Users\Mike\Documents\Curse\Minecraft\Install\libraries\com\google\code\gson\gson\2.2.4\gson-2.2.4.jar;C:\Users\Mike\Documents\Curse\Minecraft\Install\libraries\com\mojang\authlib\1.5.21\authlib-1.5.21.jar;C:\Users\Mike\Documents\Curse\Minecraft\Install\libraries\org\apache\logging\log4j\log4j-api\2.0-beta9\log4j-api-2.0-beta9.jar;C:\Users\Mike\Documents\Curse\Minecraft\Install\libraries\org\apache\logging\log4j\log4j-core\2.0-beta9\log4j-core-2.0-beta9.jar;C:\Users\Mike\Documents\Curse\Minecraft\Install\libraries\org\lwjgl\lwjgl\lwjgl\2.9.1\lwjgl-2.9.1.jar;C:\Users\Mike\Documents\Curse\Minecraft\Install\libraries\org\lwjgl\lwjgl\lwjgl_util\2.9.1\lwjgl_util-2.9.1.jar;C:\Users\Mike\Documents\Curse\Minecraft\Install\libraries\tv\twitch\twitch\5.16\twitch-5.16.jar;C:\Users\Mike\Documents\Curse\Minecraft\Install\versions\1.7.10\1.7.10.jar
[22:46:39] [main/DEBUG] [FML/]: Java library path at launch is C:\Users\Mike\Documents\Curse\Minecraft\Install\versions\forge-10.13.4.1614\forge-10.13.4.1614-natives-22817321950984
[22:46:39] [main/DEBUG] [FML/]: Enabling runtime deobfuscation
[22:46:39] [main/DEBUG] [FML/]: Instantiating coremod class FMLCorePlugin
[22:46:39] [main/DEBUG] [FML/]: Added access transformer class cpw.mods.fml.common.asm.transformers.AccessTransformer to enqueued access transformers
[22:46:39] [main/DEBUG] [FML/]: Enqueued coremod FMLCorePlugin
[22:46:39] [main/DEBUG] [FML/]: Instantiating coremod class FMLForgePlugin
[22:46:39] [main/DEBUG] [FML/]: Added access transformer class net.minecraftforge.transformers.ForgeAccessTransformer to enqueued access transformers
[22:46:39] [main/DEBUG] [FML/]: Enqueued coremod FMLForgePlugin
[22:46:39] [main/DEBUG] [FML/]: All fundamental core mods are successfully located
[22:46:39] [main/DEBUG] [FML/]: Attempting to load commandline specified mods, relative to C:\Users\Mike\Documents\Curse\Minecraft\Instances\New Test (2)
[22:46:39] [main/DEBUG] [FML/]: Discovering coremods
[22:46:39] [main/DEBUG] [FML/]: Examining for coremod candidacy [1.7.10]ArmorStatusHUD-client-1.28.jar
[22:46:39] [main/DEBUG] [FML/]: Not found coremod data in [1.7.10]ArmorStatusHUD-client-1.28.jar
[22:46:39] [main/DEBUG] [FML/]: Examining for coremod candidacy [1.7.10]bspkrsCore-universal-6.16.jar
[22:46:39] [main/DEBUG] [FML/]: Not found coremod data in [1.7.10]bspkrsCore-universal-6.16.jar
[22:46:39] [main/DEBUG] [FML/]: Examining for coremod candidacy AncientTrees-1.7.10-1.6.4.jar
[22:46:39] [main/DEBUG] [FML/]: Not found coremod data in AncientTrees-1.7.10-1.6.4.jar
[22:46:39] [main/DEBUG] [FML/]: Examining for coremod candidacy appliedenergistics2-rv3-beta-6.jar
[22:46:39] [main/TRACE] [FML/]: Found FMLCorePluginContainsFMLMod marker in appliedenergistics2-rv3-beta-6.jar, it will be examined later for regular @Mod instances
[22:46:39] [main/DEBUG] [FML/]: Instantiating coremod class AppEngCore
[22:46:39] [main/DEBUG] [FML/]: The coremod appeng.transformer.AppEngCore requested minecraft version 1.7.10 and minecraft is 1.7.10. It will be loaded.
[22:46:39] [main/INFO] [FML/]: [AppEng] Core Init
[22:46:39] [main/DEBUG] [FML/]: Added access transformer class appeng.transformer.asm.ASMTweaker to enqueued access transformers
[22:46:39] [main/DEBUG] [FML/]: Enqueued coremod AppEngCore
[22:46:39] [main/DEBUG] [FML/]: Examining for coremod candidacy backpack-2.0.1-1.7.x.jar
[22:46:39] [main/DEBUG] [FML/]: Not found coremod data in backpack-2.0.1-1.7.x.jar
[22:46:39] [main/DEBUG] [FML/]: Examining for coremod candidacy BattleTowers-1.7.10.jar
[22:46:39] [main/DEBUG] [FML/]: Not found coremod data in BattleTowers-1.7.10.jar
[22:46:39] [main/DEBUG] [FML/]: Examining for coremod candidacy BetterBuildersWands-0.8.1-1.7.10r92+aec06c3.jar
[22:46:39] [main/DEBUG] [FML/]: Not found coremod data in BetterBuildersWands-0.8.1-1.7.10r92+aec06c3.jar
[22:46:39] [main/DEBUG] [FML/]: Examining for coremod candidacy BiblioCraft[v1.11.5][MC1.7.10].jar
[22:46:39] [main/DEBUG] [FML/]: Not found coremod data in BiblioCraft[v1.11.5][MC1.7.10].jar
[22:46:39] [main/DEBUG] [FML/]: Examining for coremod candidacy BigReactors-0.4.3A.jar
[22:46:39] [main/DEBUG] [FML/]: Not found coremod data in BigReactors-0.4.3A.jar
[22:46:39] [main/DEBUG] [FML/]: Examining for coremod candidacy bigtrees-0.2-1.7.10.jar
[22:46:39] [main/DEBUG] [FML/]: Not found coremod data in bigtrees-0.2-1.7.10.jar
[22:46:39] [main/DEBUG] [FML/]: Examining for coremod candidacy BrandonsCore-1.0.0.12.jar
[22:46:39] [main/TRACE] [FML/]: Found FMLCorePluginContainsFMLMod marker in BrandonsCore-1.0.0.12.jar, it will be examined later for regular @Mod instances
[22:46:39] [main/DEBUG] [FML/]: Instantiating coremod class LoadingPlugin
[22:46:39] [main/TRACE] [FML/]: coremod named Brandon's Core is loading
[22:46:39] [main/DEBUG] [FML/]: The coremod com.brandon3055.brandonscore.asm.LoadingPlugin requested minecraft version 1.7.10 and minecraft is 1.7.10. It will be loaded.
[22:46:39] [main/DEBUG] [FML/]: Enqueued coremod Brandon's Core
[22:46:39] [main/DEBUG] [FML/]: Examining for coremod candidacy Chisel-2.9.5.11.jar
[22:46:39] [main/DEBUG] [FML/]: Not found coremod data in Chisel-2.9.5.11.jar
[22:46:39] [main/DEBUG] [FML/]: Examining for coremod candidacy ChocoCraft-4.1.5.jar
[22:46:39] [main/DEBUG] [FML/]: Not found coremod data in ChocoCraft-4.1.5.jar
[22:46:39] [main/DEBUG] [FML/]: Examining for coremod candidacy chocolateQuest-1.7.10-1.1d.jar
[22:46:39] [main/DEBUG] [FML/]: Not found coremod data in chocolateQuest-1.7.10-1.1d.jar
[22:46:39] [main/DEBUG] [FML/]: Examining for coremod candidacy CodeChickenCore-1.7.10-1.0.7.47-universal.jar
[22:46:39] [main/TRACE] [FML/]: Adding CodeChickenCore-1.7.10-1.0.7.47-universal.jar to the list of known coremods, it will not be examined again
[22:46:39] [main/DEBUG] [FML/]: Instantiating coremod class CodeChickenCorePlugin
[22:46:39] [main/WARN] [FML/]: The coremod codechicken.core.launch.CodeChickenCorePlugin does not have a MCVersion annotation, it may cause issues with this version of Minecraft
[22:46:39] [main/INFO] [STDERR/]: [codechicken.core.launch.DepLoader$DepLoadInst:checkExisting:436]: Warning: version of bspkrsCore, 6.16 is newer than request 6.15
[22:46:39] [main/DEBUG] [FML/]: Added access transformer class codechicken.core.asm.CodeChickenAccessTransformer to enqueued access transformers
[22:46:39] [main/DEBUG] [FML/]: Enqueued coremod CodeChickenCorePlugin
[22:46:39] [main/DEBUG] [FML/]: Examining for coremod candidacy CodeChickenLib-1.7.10-1.1.3.138-universal.jar
[22:46:39] [main/DEBUG] [FML/]: Not found coremod data in CodeChickenLib-1.7.10-1.1.3.138-universal.jar
[22:46:39] [main/DEBUG] [FML/]: Examining for coremod candidacy CoFHCore-[1.7.10]3.1.4-329.jar
[22:46:39] [main/TRACE] [FML/]: Found FMLCorePluginContainsFMLMod marker in CoFHCore-[1.7.10]3.1.4-329.jar, it will be examined later for regular @Mod instances
[22:46:39] [main/DEBUG] [FML/]: Instantiating coremod class LoadingPlugin
[22:46:39] [main/WARN] [FML/]: The coremod cofh.asm.LoadingPlugin does not have a MCVersion annotation, it may cause issues with this version of Minecraft
[22:46:39] [main/DEBUG] [FML/]: Added access transformer class cofh.asm.CoFHAccessTransformer to enqueued access transformers
[22:46:39] [main/DEBUG] [FML/]: Enqueued coremod LoadingPlugin
[22:46:39] [main/DEBUG] [FML/]: Examining for coremod candidacy CoFHLib-[1.7.10]1.2.1-185.jar
[22:46:39] [main/DEBUG] [FML/]: Not found coremod data in CoFHLib-[1.7.10]1.2.1-185.jar
[22:46:39] [main/DEBUG] [FML/]: Examining for coremod candidacy ConfigurationAPI-1.3.jar
[22:46:39] [main/DEBUG] [FML/]: Not found coremod data in ConfigurationAPI-1.3.jar
[22:46:39] [main/DEBUG] [FML/]: Examining for coremod candidacy Draconic-Evolution-1.7.10-1.0.2h.jar
[22:46:39] [main/DEBUG] [FML/]: Not found coremod data in Draconic-Evolution-1.7.10-1.0.2h.jar
[22:46:39] [main/DEBUG] [FML/]: Examining for coremod candidacy Dungeon Mobs v4.1.3.jar
[22:46:39] [main/DEBUG] [FML/]: Not found coremod data in Dungeon Mobs v4.1.3.jar
[22:46:39] [main/DEBUG] [FML/]: Examining for coremod candidacy EnchantingPlus-1.7.10-3.0.2-d.jar
[22:46:39] [main/DEBUG] [FML/]: Not found coremod data in EnchantingPlus-1.7.10-3.0.2-d.jar
[22:46:39] [main/DEBUG] [FML/]: Examining for coremod candidacy EnderCore-1.7.10-0.2.0.39_beta.jar
[22:46:39] [main/TRACE] [FML/]: Found FMLCorePluginContainsFMLMod marker in EnderCore-1.7.10-0.2.0.39_beta.jar, it will be examined later for regular @Mod instances
[22:46:39] [main/DEBUG] [FML/]: Instantiating coremod class EnderCorePlugin
[22:46:39] [main/DEBUG] [FML/]: The coremod com.enderio.core.common.transform.EnderCorePlugin requested minecraft version 1.7.10 and minecraft is 1.7.10. It will be loaded.
[22:46:39] [main/DEBUG] [FML/]: Enqueued coremod EnderCorePlugin
[22:46:39] [main/DEBUG] [FML/]: Examining for coremod candidacy EnderIO-1.7.10-2.3.0.429_beta.jar
[22:46:39] [main/DEBUG] [FML/]: Not found coremod data in EnderIO-1.7.10-2.3.0.429_beta.jar
[22:46:39] [main/DEBUG] [FML/]: Examining for coremod candidacy ExtraCells-1.7.10-2.3.14b197.jar
[22:46:39] [main/DEBUG] [FML/]: Not found coremod data in ExtraCells-1.7.10-2.3.14b197.jar
[22:46:39] [main/DEBUG] [FML/]: Examining for coremod candidacy ExtraTiC-1.7.10-1.4.6.jar
[22:46:40] [main/DEBUG] [FML/]: Not found coremod data in ExtraTiC-1.7.10-1.4.6.jar
[22:46:40] [main/DEBUG] [FML/]: Examining for coremod candidacy extrautilities-1.2.12.jar
[22:46:40] [main/DEBUG] [FML/]: Not found coremod data in extrautilities-1.2.12.jar
[22:46:40] [main/DEBUG] [FML/]: Examining for coremod candidacy fairylights-1.4.0-1.7.10.jar
[22:46:40] [main/TRACE] [FML/]: Found FMLCorePluginContainsFMLMod marker in fairylights-1.4.0-1.7.10.jar, it will be examined later for regular @Mod instances
[22:46:40] [main/DEBUG] [FML/]: Instantiating coremod class FairyLightsLoadingPlugin
[22:46:40] [main/DEBUG] [FML/]: The coremod com.pau101.fairylights.core.FairyLightsLoadingPlugin requested minecraft version 1.7.10 and minecraft is 1.7.10. It will be loaded.
[22:46:40] [main/DEBUG] [FML/]: Enqueued coremod FairyLightsLoadingPlugin
[22:46:40] [main/DEBUG] [FML/]: Examining for coremod candidacy forestry_1.7.10-4.2.16.64.jar
[22:46:40] [main/INFO] [FML/]: Loading tweaker forestry.shade.javacheck.Java7Checker from forestry_1.7.10-4.2.16.64.jar
[22:46:40] [main/DEBUG] [FML/]: Examining for coremod candidacy GraveStone Mod 0.7.10.3.jar
[22:46:40] [main/DEBUG] [FML/]: Not found coremod data in GraveStone Mod 0.7.10.3.jar
[22:46:40] [main/DEBUG] [FML/]: Examining for coremod candidacy Hats-4.0.1.jar
[22:46:40] [main/DEBUG] [FML/]: Not found coremod data in Hats-4.0.1.jar
[22:46:40] [main/DEBUG] [FML/]: Examining for coremod candidacy Health Indicators-1.0.jar
[22:46:40] [main/DEBUG] [FML/]: Not found coremod data in Health Indicators-1.0.jar
[22:46:40] [main/DEBUG] [FML/]: Examining for coremod candidacy HxCCore-1.7.10-1.13.2-universal.jar
[22:46:40] [main/TRACE] [FML/]: Found FMLCorePluginContainsFMLMod marker in HxCCore-1.7.10-1.13.2-universal.jar, it will be examined later for regular @Mod instances
[22:46:40] [main/DEBUG] [FML/]: Instantiating coremod class HxCLoader
[22:46:40] [main/DEBUG] [FML/]: The coremod HxCKDMS.HxCCore.Asm.HxCLoader requested minecraft version 1.7.10 and minecraft is 1.7.10. It will be loaded.
[22:46:40] [main/DEBUG] [FML/]: Added access transformer class HxCKDMS.HxCCore.Asm.HxCAccessTransformer to enqueued access transformers
[22:46:40] [main/DEBUG] [FML/]: Enqueued coremod HxCLoader
[22:46:40] [main/DEBUG] [FML/]: Examining for coremod candidacy hxccore-1.7.10-2.0.0-universal.jar
[22:46:40] [main/TRACE] [FML/]: Found FMLCorePluginContainsFMLMod marker in hxccore-1.7.10-2.0.0-universal.jar, it will be examined later for regular @Mod instances
[22:46:40] [main/DEBUG] [FML/]: Instantiating coremod class HxCLoader
[22:46:40] [main/DEBUG] [FML/]: The coremod hxckdms.hxccore.asm.HxCLoader requested minecraft version 1.7.10 and minecraft is 1.7.10. It will be loaded.
[22:46:40] [main/DEBUG] [FML/]: Added access transformer class hxckdms.hxccore.asm.HxCAccessTransformer to enqueued access transformers
[22:46:40] [main/DEBUG] [FML/]: Enqueued coremod HxCLoader
[22:46:40] [main/DEBUG] [FML/]: Examining for coremod candidacy HxCEnchants-1.7.10-2.5.0.jar
[22:46:40] [main/DEBUG] [FML/]: Not found coremod data in HxCEnchants-1.7.10-2.5.0.jar
[22:46:40] [main/DEBUG] [FML/]: Examining for coremod candidacy iChunUtil-4.2.3.jar
[22:46:40] [main/DEBUG] [FML/]: Not found coremod data in iChunUtil-4.2.3.jar
[22:46:40] [main/DEBUG] [FML/]: Examining for coremod candidacy IguanaTinkerTweaks-1.7.10-2.1.6.jar
[22:46:40] [main/DEBUG] [FML/]: Not found coremod data in IguanaTinkerTweaks-1.7.10-2.1.6.jar
[22:46:40] [main/DEBUG] [FML/]: Examining for coremod candidacy InfernalMobs-1.7.10.jar
[22:46:40] [main/DEBUG] [FML/]: Not found coremod data in InfernalMobs-1.7.10.jar
[22:46:40] [main/DEBUG] [FML/]: Examining for coremod candidacy InventoryTweaks-1.59-dev-152.jar
[22:46:40] [main/TRACE] [FML/]: Found FMLCorePluginContainsFMLMod marker in InventoryTweaks-1.59-dev-152.jar, it will be examined later for regular @Mod instances
[22:46:40] [main/DEBUG] [FML/]: Instantiating coremod class FMLPlugin
[22:46:40] [main/WARN] [FML/]: The coremod invtweaks.forge.asm.FMLPlugin does not have a MCVersion annotation, it may cause issues with this version of Minecraft
[22:46:40] [main/DEBUG] [FML/]: Added access transformer class invtweaks.forge.asm.ITAccessTransformer to enqueued access transformers
[22:46:40] [main/DEBUG] [FML/]: Enqueued coremod FMLPlugin
[22:46:40] [main/DEBUG] [FML/]: Examining for coremod candidacy ironchest-1.7.10-6.0.60.741-universal.jar
[22:46:40] [main/DEBUG] [FML/]: Not found coremod data in ironchest-1.7.10-6.0.60.741-universal.jar
[22:46:40] [main/DEBUG] [FML/]: Examining for coremod candidacy Jabba-1.2.2_1.7.10.jar
[22:46:40] [main/DEBUG] [FML/]: Not found coremod data in Jabba-1.2.2_1.7.10.jar
[22:46:40] [main/DEBUG] [FML/]: Examining for coremod candidacy journeymap-1.7.10-5.1.4p2-unlimited.jar
[22:46:40] [main/DEBUG] [FML/]: Not found coremod data in journeymap-1.7.10-5.1.4p2-unlimited.jar
[22:46:40] [main/DEBUG] [FML/]: Examining for coremod candidacy KoreSample-1.7.10-1.3.2.jar
[22:46:40] [main/DEBUG] [FML/]: Not found coremod data in KoreSample-1.7.10-1.3.2.jar
[22:46:40] [main/DEBUG] [FML/]: Examining for coremod candidacy Levels-1.7.10-r3.0.1.jar
[22:46:40] [main/DEBUG] [FML/]: Not found coremod data in Levels-1.7.10-r3.0.1.jar
[22:46:40] [main/DEBUG] [FML/]: Examining for coremod candidacy LootBags-1.7.10-2.0.17.jar
[22:46:40] [main/DEBUG] [FML/]: Not found coremod data in LootBags-1.7.10-2.0.17.jar
[22:46:40] [main/DEBUG] [FML/]: Examining for coremod candidacy Mantle-1.7.10-0.3.2b.jar
[22:46:40] [main/DEBUG] [FML/]: Not found coremod data in Mantle-1.7.10-0.3.2b.jar
[22:46:40] [main/DEBUG] [FML/]: Examining for coremod candidacy Metallurgy-1.7.10-4.0.9.148.jar
[22:46:40] [main/DEBUG] [FML/]: Not found coremod data in Metallurgy-1.7.10-4.0.9.148.jar
[22:46:40] [main/DEBUG] [FML/]: Examining for coremod candidacy MetallurgyCore-1.7.10-4.0.5.30.jar
[22:46:40] [main/DEBUG] [FML/]: Not found coremod data in MetallurgyCore-1.7.10-4.0.5.30.jar
[22:46:40] [main/DEBUG] [FML/]: Examining for coremod candidacy MineFactoryReloaded-[1.7.10]2.8.1-174.jar
[22:46:40] [main/DEBUG] [FML/]: Not found coremod data in MineFactoryReloaded-[1.7.10]2.8.1-174.jar
[22:46:40] [main/DEBUG] [FML/]: Examining for coremod candidacy morefuelsmod-1.7.10-v1.3.2.jar
[22:46:40] [main/DEBUG] [FML/]: Not found coremod data in morefuelsmod-1.7.10-v1.3.2.jar
[22:46:40] [main/DEBUG] [FML/]: Examining for coremod candidacy Morpheus-1.7.10-1.6.21.jar
[22:46:40] [main/DEBUG] [FML/]: Not found coremod data in Morpheus-1.7.10-1.6.21.jar
[22:46:40] [main/DEBUG] [FML/]: Examining for coremod candidacy MouseTweaks-2.4.4-mc1.7.10.jar
[22:46:40] [main/DEBUG] [FML/]: Not found coremod data in MouseTweaks-2.4.4-mc1.7.10.jar
[22:46:40] [main/DEBUG] [FML/]: Examining for coremod candidacy mystcraft-1.7.10-0.12.3.03.jar
[22:46:40] [main/DEBUG] [FML/]: Not found coremod data in mystcraft-1.7.10-0.12.3.03.jar
[22:46:40] [main/DEBUG] [FML/]: Examining for coremod candidacy mysticalmobs-0.1.1.jar
[22:46:40] [main/DEBUG] [FML/]: Not found coremod data in mysticalmobs-0.1.1.jar
[22:46:40] [main/DEBUG] [FML/]: Examining for coremod candidacy NoMobSpawningOnTrees-1.2.0-mc1.7.10.jar
[22:46:40] [main/DEBUG] [FML/]: Not found coremod data in NoMobSpawningOnTrees-1.2.0-mc1.7.10.jar
[22:46:40] [main/DEBUG] [FML/]: Examining for coremod candidacy NotEnoughItems-1.7.10-1.0.5.120-universal.jar
[22:46:40] [main/TRACE] [FML/]: Adding NotEnoughItems-1.7.10-1.0.5.120-universal.jar to the list of known coremods, it will not be examined again
[22:46:40] [main/DEBUG] [FML/]: Instantiating coremod class NEICorePlugin
[22:46:40] [main/WARN] [FML/]: The coremod codechicken.nei.asm.NEICorePlugin does not have a MCVersion annotation, it may cause issues with this version of Minecraft
[22:46:40] [main/DEBUG] [FML/]: Enqueued coremod NEICorePlugin
[22:46:40] [main/DEBUG] [FML/]: Examining for coremod candidacy OpenBlocks-1.7.10-1.6.jar
[22:46:40] [main/TRACE] [FML/]: Found FMLCorePluginContainsFMLMod marker in OpenBlocks-1.7.10-1.6.jar, it will be examined later for regular @Mod instances
[22:46:40] [main/DEBUG] [FML/]: Instantiating coremod class OpenBlocksCorePlugin
[22:46:40] [main/WARN] [FML/]: The coremod openblocks.OpenBlocksCorePlugin does not have a MCVersion annotation, it may cause issues with this version of Minecraft
[22:46:40] [main/DEBUG] [FML/]: Enqueued coremod OpenBlocksCorePlugin
[22:46:40] [main/DEBUG] [FML/]: Examining for coremod candidacy OpenModsLib-1.7.10-0.10.jar
[22:46:40] [main/TRACE] [FML/]: Found FMLCorePluginContainsFMLMod marker in OpenModsLib-1.7.10-0.10.jar, it will be examined later for regular @Mod instances
[22:46:40] [main/DEBUG] [FML/]: Instantiating coremod class OpenModsCorePlugin
[22:46:40] [main/WARN] [FML/]: The coremod openmods.core.OpenModsCorePlugin does not have a MCVersion annotation, it may cause issues with this version of Minecraft
[22:46:40] [main/DEBUG] [OpenMods/]: openmods.core.OpenModsCorePlugin.<init>(OpenModsCorePlugin.java:18): <OpenModsLib 0.10>\o
[22:46:40] [main/DEBUG] [FML/]: Enqueued coremod OpenModsCorePlugin
[22:46:40] [main/DEBUG] [FML/]: Examining for coremod candidacy OreDictionaryConverter-1.6.1.jar
[22:46:40] [main/DEBUG] [FML/]: Not found coremod data in OreDictionaryConverter-1.6.1.jar
[22:46:40] [main/DEBUG] [FML/]: Examining for coremod candidacy Pam's HarvestCraft 1.7.10Lb.jar
[22:46:40] [main/DEBUG] [FML/]: Not found coremod data in Pam's HarvestCraft 1.7.10Lb.jar
[22:46:40] [main/DEBUG] [FML/]: Examining for coremod candidacy RandomThings-2.2.4.jar
[22:46:40] [main/TRACE] [FML/]: Found FMLCorePluginContainsFMLMod marker in RandomThings-2.2.4.jar, it will be examined later for regular @Mod instances
[22:46:40] [main/DEBUG] [FML/]: Instantiating coremod class RTLoadingPlugin
[22:46:40] [main/WARN] [FML/]: The coremod lumien.randomthings.Transformer.RTLoadingPlugin does not have a MCVersion annotation, it may cause issues with this version of Minecraft
[22:46:40] [main/DEBUG] [FML/]: Enqueued coremod RTLoadingPlugin
[22:46:40] [main/DEBUG] [FML/]: Examining for coremod candidacy Reliquary-1.7.10-1.2.1.483.jar
[22:46:40] [main/TRACE] [FML/]: Found FMLCorePluginContainsFMLMod marker in Reliquary-1.7.10-1.2.1.483.jar, it will be examined later for regular @Mod instances
[22:46:40] [main/DEBUG] [FML/]: Instantiating coremod class DepLoader
[22:46:40] [main/ERROR] [FML/]: Coremod DepLoader: Unable to class load the plugin xreliquary.common.asm.DepLoader
java.lang.ClassNotFoundException: xreliquary.common.asm.DepLoader
	at java.net.URLClassLoader$1.run(URLClassLoader.java:372) ~[?:1.8.0_25]
	at java.net.URLClassLoader$1.run(URLClassLoader.java:361) ~[?:1.8.0_25]
	at java.security.AccessController.doPrivileged(Native Method) ~[?:1.8.0_25]
	at java.net.URLClassLoader.findClass(URLClassLoader.java:360) ~[?:1.8.0_25]
	at net.minecraft.launchwrapper.LaunchClassLoader.findClass(LaunchClassLoader.java:117) ~[launchwrapper-1.12.jar:?]
	at java.lang.ClassLoader.loadClass(ClassLoader.java:424) ~[?:1.8.0_25]
	at java.lang.ClassLoader.loadClass(ClassLoader.java:357) ~[?:1.8.0_25]
	at java.lang.Class.forName0(Native Method) ~[?:1.8.0_25]
	at java.lang.Class.forName(Class.java:344) ~[?:1.8.0_25]
	at cpw.mods.fml.relauncher.CoreModManager.loadCoreMod(CoreModManager.java:460) [forge-1.7.10-10.13.4.1614-1.7.10.jar:?]
	at cpw.mods.fml.relauncher.CoreModManager.discoverCoreMods(CoreModManager.java:389) [forge-1.7.10-10.13.4.1614-1.7.10.jar:?]
	at cpw.mods.fml.relauncher.CoreModManager.handleLaunch(CoreModManager.java:221) [forge-1.7.10-10.13.4.1614-1.7.10.jar:?]
	at cpw.mods.fml.relauncher.FMLLaunchHandler.setupHome(FMLLaunchHandler.java:90) [forge-1.7.10-10.13.4.1614-1.7.10.jar:?]
	at cpw.mods.fml.relauncher.FMLLaunchHandler.setupClient(FMLLaunchHandler.java:67) [forge-1.7.10-10.13.4.1614-1.7.10.jar:?]
	at cpw.mods.fml.relauncher.FMLLaunchHandler.configureForClientLaunch(FMLLaunchHandler.java:34) [forge-1.7.10-10.13.4.1614-1.7.10.jar:?]
	at cpw.mods.fml.common.launcher.FMLTweaker.injectIntoClassLoader(FMLTweaker.java:126) [forge-1.7.10-10.13.4.1614-1.7.10.jar:?]
	at net.minecraft.launchwrapper.Launch.launch(Launch.java:115) [launchwrapper-1.12.jar:?]
	at net.minecraft.launchwrapper.Launch.main(Launch.java:28) [launchwrapper-1.12.jar:?]
[22:46:40] [main/DEBUG] [FML/]: Examining for coremod candidacy roguelike-1.7.10-1.5.0b.jar
[22:46:40] [main/DEBUG] [FML/]: Not found coremod data in roguelike-1.7.10-1.5.0b.jar
[22:46:40] [main/DEBUG] [FML/]: Examining for coremod candidacy SimplyJetpacks-MC1.7.10-1.5.3.jar
[22:46:40] [main/DEBUG] [FML/]: Not found coremod data in SimplyJetpacks-MC1.7.10-1.5.3.jar
[22:46:40] [main/DEBUG] [FML/]: Examining for coremod candidacy SpecialMobs-1.7.10-3.2.2.jar
[22:46:40] [main/DEBUG] [FML/]: Not found coremod data in SpecialMobs-1.7.10-3.2.2.jar
[22:46:40] [main/DEBUG] [FML/]: Examining for coremod candidacy TConstruct-1.7.10-1.8.8.jar
[22:46:40] [main/DEBUG] [FML/]: Not found coremod data in TConstruct-1.7.10-1.8.8.jar
[22:46:40] [main/DEBUG] [FML/]: Examining for coremod candidacy ThermalExpansion-[1.7.10]4.1.5-248.jar
[22:46:40] [main/DEBUG] [FML/]: Not found coremod data in ThermalExpansion-[1.7.10]4.1.5-248.jar
[22:46:40] [main/DEBUG] [FML/]: Examining for coremod candidacy ThermalFoundation-[1.7.10]1.2.6-118.jar
[22:46:40] [main/DEBUG] [FML/]: Not found coremod data in ThermalFoundation-[1.7.10]1.2.6-118.jar
[22:46:40] [main/DEBUG] [FML/]: Examining for coremod candidacy TiCTooltips-mc1.7.10-1.2.5.jar
[22:46:40] [main/DEBUG] [FML/]: Not found coremod data in TiCTooltips-mc1.7.10-1.2.5.jar
[22:46:40] [main/DEBUG] [FML/]: Examining for coremod candidacy twilightforest-1.7.10-2.3.7.jar
[22:46:40] [main/DEBUG] [FML/]: Not found coremod data in twilightforest-1.7.10-2.3.7.jar
[22:46:40] [main/DEBUG] [FML/]: Examining for coremod candidacy Waila-1.5.10_1.7.10.jar
[22:46:40] [main/DEBUG] [FML/]: Not found coremod data in Waila-1.5.10_1.7.10.jar
[22:46:40] [main/DEBUG] [FML/]: Examining for coremod candidacy WailaHarvestability-mc1.7.10-1.1.6.jar
[22:46:40] [main/DEBUG] [FML/]: Not found coremod data in WailaHarvestability-mc1.7.10-1.1.6.jar
[22:46:40] [main/INFO] [LaunchWrapper/]: Loading tweak class name cpw.mods.fml.common.launcher.FMLInjectionAndSortingTweaker
[22:46:40] [main/INFO] [LaunchWrapper/]: Loading tweak class name forestry.shade.javacheck.Java7Checker
[22:46:40] [main/INFO] [LaunchWrapper/]: Loading tweak class name cpw.mods.fml.common.launcher.FMLDeobfTweaker
[22:46:40] [main/INFO] [LaunchWrapper/]: Calling tweak class cpw.mods.fml.common.launcher.FMLInjectionAndSortingTweaker
[22:46:40] [main/INFO] [LaunchWrapper/]: Calling tweak class cpw.mods.fml.common.launcher.FMLInjectionAndSortingTweaker
[22:46:40] [main/INFO] [LaunchWrapper/]: Calling tweak class cpw.mods.fml.relauncher.CoreModManager$FMLPluginWrapper
[22:46:40] [main/DEBUG] [FML/]: Injecting coremod FMLCorePlugin {cpw.mods.fml.relauncher.FMLCorePlugin} class transformers
[22:46:40] [main/TRACE] [FML/]: Registering transformer cpw.mods.fml.common.asm.transformers.MarkerTransformer
[22:46:40] [main/TRACE] [FML/]: Registering transformer cpw.mods.fml.common.asm.transformers.SideTransformer
[22:46:40] [main/TRACE] [FML/]: Registering transformer cpw.mods.fml.common.asm.transformers.EventSubscriptionTransformer
[22:46:40] [main/DEBUG] [FML/]: Injection complete
[22:46:40] [main/DEBUG] [FML/]: Running coremod plugin for FMLCorePlugin {cpw.mods.fml.relauncher.FMLCorePlugin}
[22:46:40] [main/DEBUG] [FML/]: Running coremod plugin FMLCorePlugin
[22:46:40] [main/DEBUG] [FML/]: Read 527 binary patches
[22:46:41] [main/INFO] [FML/]: Found valid fingerprint for Minecraft Forge. Certificate fingerprint e3c3d50c7c986df74c645c0ac54639741c90a557
[22:46:41] [main/INFO] [FML/]: Found valid fingerprint for Minecraft. Certificate fingerprint cd99959656f753dc28d863b46769f7f8fbaefcfc
[22:46:41] [main/DEBUG] [FML/]: Coremod plugin class FMLCorePlugin run successfully
[22:46:41] [main/INFO] [LaunchWrapper/]: Calling tweak class cpw.mods.fml.relauncher.CoreModManager$FMLPluginWrapper
[22:46:41] [main/DEBUG] [FML/]: Injecting coremod FMLForgePlugin {net.minecraftforge.classloading.FMLForgePlugin} class transformers
[22:46:41] [main/TRACE] [FML/]: Registering transformer net.minecraftforge.classloading.FluidIdTransformer
[22:46:41] [main/DEBUG] [FML/]: Injection complete
[22:46:41] [main/DEBUG] [FML/]: Running coremod plugin for FMLForgePlugin {net.minecraftforge.classloading.FMLForgePlugin}
[22:46:41] [main/DEBUG] [FML/]: Running coremod plugin FMLForgePlugin
[22:46:41] [main/DEBUG] [FML/]: Coremod plugin class FMLForgePlugin run successfully
[22:46:41] [main/INFO] [LaunchWrapper/]: Calling tweak class cpw.mods.fml.relauncher.CoreModManager$FMLPluginWrapper
[22:46:41] [main/DEBUG] [FML/]: Injecting coremod CCCDeobfPlugin {codechicken.core.asm.MCPDeobfuscationTransformer$LoadPlugin} class transformers
[22:46:41] [main/DEBUG] [FML/]: Injection complete
[22:46:41] [main/DEBUG] [FML/]: Running coremod plugin for CCCDeobfPlugin {codechicken.core.asm.MCPDeobfuscationTransformer$LoadPlugin}
[22:46:41] [main/DEBUG] [FML/]: Running coremod plugin CCCDeobfPlugin
[22:46:41] [main/DEBUG] [FML/]: Coremod plugin class LoadPlugin run successfully
[22:46:41] [main/INFO] [LaunchWrapper/]: Calling tweak class cpw.mods.fml.relauncher.CoreModManager$FMLPluginWrapper
[22:46:41] [main/DEBUG] [FML/]: Injecting coremod AppEngCore {appeng.transformer.AppEngCore} class transformers
[22:46:41] [main/TRACE] [FML/]: Registering transformer appeng.transformer.asm.ASMIntegration
[22:46:41] [main/DEBUG] [FML/]: Injection complete
[22:46:41] [main/DEBUG] [FML/]: Running coremod plugin for AppEngCore {appeng.transformer.AppEngCore}
[22:46:41] [main/DEBUG] [FML/]: Running coremod plugin AppEngCore
[22:46:41] [main/DEBUG] [FML/]: Coremod plugin class AppEngCore run successfully
[22:46:41] [main/INFO] [LaunchWrapper/]: Calling tweak class cpw.mods.fml.relauncher.CoreModManager$FMLPluginWrapper
[22:46:41] [main/DEBUG] [FML/]: Injecting coremod CodeChickenCorePlugin {codechicken.core.launch.CodeChickenCorePlugin} class transformers
[22:46:41] [main/TRACE] [FML/]: Registering transformer codechicken.lib.asm.ClassHeirachyManager
[22:46:41] [main/TRACE] [FML/]: Registering transformer codechicken.core.asm.InterfaceDependancyTransformer
[22:46:41] [main/TRACE] [FML/]: Registering transformer codechicken.core.asm.TweakTransformer
[22:46:41] [main/TRACE] [FML/]: Registering transformer codechicken.core.asm.DelegatedTransformer
[22:46:41] [main/TRACE] [FML/]: Registering transformer codechicken.core.asm.DefaultImplementationTransformer
[22:46:41] [main/DEBUG] [FML/]: Injection complete
[22:46:41] [main/DEBUG] [FML/]: Running coremod plugin for CodeChickenCorePlugin {codechicken.core.launch.CodeChickenCorePlugin}
[22:46:41] [main/DEBUG] [FML/]: Running coremod plugin CodeChickenCorePlugin
[22:46:41] [main/DEBUG] [FML/]: Coremod plugin class CodeChickenCorePlugin run successfully
[22:46:41] [main/INFO] [LaunchWrapper/]: Calling tweak class cpw.mods.fml.relauncher.CoreModManager$FMLPluginWrapper
[22:46:41] [main/DEBUG] [FML/]: Injecting coremod FairyLightsLoadingPlugin {com.pau101.fairylights.core.FairyLightsLoadingPlugin} class transformers
[22:46:41] [main/TRACE] [FML/]: Registering transformer com.pau101.fairylights.core.FairyLightsClassTransformer
[22:46:41] [main/DEBUG] [FML/]: Injection complete
[22:46:41] [main/DEBUG] [FML/]: Running coremod plugin for FairyLightsLoadingPlugin {com.pau101.fairylights.core.FairyLightsLoadingPlugin}
[22:46:41] [main/DEBUG] [FML/]: Running coremod plugin FairyLightsLoadingPlugin
[22:46:41] [main/DEBUG] [FML/]: Coremod plugin class FairyLightsLoadingPlugin run successfully
[22:46:41] [main/INFO] [LaunchWrapper/]: Calling tweak class cpw.mods.fml.relauncher.CoreModManager$FMLPluginWrapper
[22:46:41] [main/DEBUG] [FML/]: Injecting coremod FMLPlugin {invtweaks.forge.asm.FMLPlugin} class transformers
[22:46:41] [main/TRACE] [FML/]: Registering transformer invtweaks.forge.asm.ContainerTransformer
[22:46:41] [main/DEBUG] [FML/]: Injection complete
[22:46:41] [main/DEBUG] [FML/]: Running coremod plugin for FMLPlugin {invtweaks.forge.asm.FMLPlugin}
[22:46:41] [main/DEBUG] [FML/]: Running coremod plugin FMLPlugin
[22:46:41] [main/DEBUG] [FML/]: Coremod plugin class FMLPlugin run successfully
[22:46:41] [main/INFO] [LaunchWrapper/]: Calling tweak class cpw.mods.fml.relauncher.CoreModManager$FMLPluginWrapper
[22:46:41] [main/DEBUG] [FML/]: Injecting coremod NEICorePlugin {codechicken.nei.asm.NEICorePlugin} class transformers
[22:46:41] [main/TRACE] [FML/]: Registering transformer codechicken.nei.asm.NEITransformer
[22:46:41] [main/DEBUG] [FML/]: Injection complete
[22:46:41] [main/DEBUG] [FML/]: Running coremod plugin for NEICorePlugin {codechicken.nei.asm.NEICorePlugin}
[22:46:41] [main/DEBUG] [FML/]: Running coremod plugin NEICorePlugin
[22:46:41] [main/DEBUG] [FML/]: Coremod plugin class NEICorePlugin run successfully
[22:46:41] [main/INFO] [LaunchWrapper/]: Calling tweak class forestry.shade.javacheck.Java7Checker
[22:46:41] [main/INFO] [LaunchWrapper/]: Calling tweak class cpw.mods.fml.relauncher.CoreModManager$FMLPluginWrapper
[22:46:41] [main/DEBUG] [FML/]: Injecting coremod OpenModsCorePlugin {openmods.core.OpenModsCorePlugin} class transformers
[22:46:41] [main/TRACE] [FML/]: Registering transformer openmods.core.OpenModsClassTransformer
[22:46:41] [main/DEBUG] [FML/]: Injection complete
[22:46:41] [main/DEBUG] [FML/]: Running coremod plugin for OpenModsCorePlugin {openmods.core.OpenModsCorePlugin}
[22:46:41] [main/DEBUG] [FML/]: Running coremod plugin OpenModsCorePlugin
[22:46:41] [main/DEBUG] [OpenMods/]: openmods.config.simple.ConfigProcessor.process(ConfigProcessor.java:83): Parsing config file 'C:\Users\Mike\Documents\Curse\Minecraft\Instances\New Test (2)\config\OpenModsLibCore.json'
[22:46:41] [main/TRACE] [OpenMods/]: openmods.utils.StateTracker$StateUpdater.update(StateTracker.java:26): State of gl_capabilities_hook updated from DISABLED to ENABLED
[22:46:41] [main/TRACE] [OpenMods/]: openmods.utils.StateTracker$StateUpdater.update(StateTracker.java:26): State of player_render_hook updated from DISABLED to ENABLED
[22:46:41] [main/TRACE] [OpenMods/]: openmods.utils.StateTracker$StateUpdater.update(StateTracker.java:26): State of map_gen_fix updated from DISABLED to ENABLED
[22:46:41] [main/TRACE] [OpenMods/]: openmods.utils.StateTracker$StateUpdater.update(StateTracker.java:26): State of player_damage_hook updated from DISABLED to ENABLED
[22:46:41] [main/TRACE] [OpenMods/]: openmods.utils.StateTracker$StateUpdater.update(StateTracker.java:26): State of movement_callback updated from DISABLED to ENABLED
[22:46:41] [main/TRACE] [OpenMods/]: openmods.utils.StateTracker$StateUpdater.update(StateTracker.java:26): State of stencil_patches updated from DISABLED to ENABLED
[22:46:41] [main/DEBUG] [FML/]: Coremod plugin class OpenModsCorePlugin run successfully
[22:46:41] [main/INFO] [LaunchWrapper/]: Calling tweak class cpw.mods.fml.relauncher.CoreModManager$FMLPluginWrapper
[22:46:41] [main/DEBUG] [FML/]: Injecting coremod OpenBlocksCorePlugin {openblocks.OpenBlocksCorePlugin} class transformers
[22:46:41] [main/TRACE] [FML/]: Registering transformer openblocks.asm.OpenBlocksClassTransformer
[22:46:41] [main/DEBUG] [FML/]: Injection complete
[22:46:41] [main/DEBUG] [FML/]: Running coremod plugin for OpenBlocksCorePlugin {openblocks.OpenBlocksCorePlugin}
[22:46:41] [main/DEBUG] [FML/]: Running coremod plugin OpenBlocksCorePlugin
[22:46:41] [main/DEBUG] [FML/]: Coremod plugin class OpenBlocksCorePlugin run successfully
[22:46:41] [main/INFO] [LaunchWrapper/]: Calling tweak class cpw.mods.fml.common.launcher.FMLDeobfTweaker
[22:46:41] [main/DEBUG] [FML/]: Loaded 57 rules from AccessTransformer config file fml_at.cfg
[22:46:41] [main/DEBUG] [FML/]: Loaded 89 rules from AccessTransformer config file forge_at.cfg
[22:46:41] [main/DEBUG] [FML/]: Loaded 57 rules from AccessTransformer config file fml_at.cfg
[22:46:41] [main/DEBUG] [FML/]: Loaded 2 rules from AccessTransformer config file HxC_at.cfg
[22:46:41] [main/DEBUG] [FML/]: Loaded 3 rules from AccessTransformer config file hxc_at.cfg
[22:46:41] [main/DEBUG] [FML/]: Loaded 9 rules from AccessTransformer config file invtweaks_at.cfg
[22:46:41] [main/DEBUG] [FML/]: Loaded 60 rules from AccessTransformer mod jar file C:\Users\Mike\Documents\Curse\Minecraft\Instances\New Test (2)\mods\iChunUtil-4.2.3.jar!META-INF/iChunUtil_at.cfg

[22:46:41] [main/DEBUG] [FML/]: Loaded 31 rules from AccessTransformer mod jar file C:\Users\Mike\Documents\Curse\Minecraft\Instances\New Test (2)\mods\TConstruct-1.7.10-1.8.8.jar!META-INF/TConstruct_at.cfg

[22:46:41] [main/DEBUG] [FML/]: Loaded 4 rules from AccessTransformer mod jar file C:\Users\Mike\Documents\Curse\Minecraft\Instances\New Test (2)\mods\Chisel-2.9.5.11.jar!META-INF/chisel_compile_at.cfg

[22:46:41] [main/DEBUG] [FML/]: Loaded 11 rules from AccessTransformer mod jar file C:\Users\Mike\Documents\Curse\Minecraft\Instances\New Test (2)\mods\NotEnoughItems-1.7.10-1.0.5.120-universal.jar!META-INF/nei_at.cfg

[22:46:41] [main/DEBUG] [FML/]: Loaded 5 rules from AccessTransformer mod jar file C:\Users\Mike\Documents\Curse\Minecraft\Instances\New Test (2)\mods\SimplyJetpacks-MC1.7.10-1.5.3.jar!META-INF/simplyjetpacks_at.cfg

[22:46:41] [main/DEBUG] [FML/]: Validating minecraft
[22:46:42] [main/DEBUG] [FML/]: Minecraft validated, launching...
[22:46:42] [main/INFO] [LaunchWrapper/]: Calling tweak class cpw.mods.fml.relauncher.CoreModManager$FMLPluginWrapper
[22:46:42] [main/DEBUG] [FML/]: Injecting coremod Brandon's Core {com.brandon3055.brandonscore.asm.LoadingPlugin} class transformers
[22:46:42] [main/TRACE] [FML/]: Registering transformer com.brandon3055.brandonscore.asm.ClassTransformer
[22:46:42] [main/DEBUG] [FML/]: Injection complete
[22:46:42] [main/DEBUG] [FML/]: Running coremod plugin for Brandon's Core {com.brandon3055.brandonscore.asm.LoadingPlugin}
[22:46:42] [main/DEBUG] [FML/]: Running coremod plugin Brandon's Core
[22:46:42] [main/DEBUG] [FML/]: Coremod plugin class LoadingPlugin run successfully
[22:46:42] [main/INFO] [LaunchWrapper/]: Calling tweak class cpw.mods.fml.relauncher.CoreModManager$FMLPluginWrapper
[22:46:42] [main/DEBUG] [FML/]: Injecting coremod LoadingPlugin {cofh.asm.LoadingPlugin} class transformers
[22:46:42] [main/TRACE] [FML/]: Registering transformer cofh.asm.CoFHClassTransformer
[22:46:42] [main/DEBUG] [FML/]: Injection complete
[22:46:42] [main/DEBUG] [FML/]: Running coremod plugin for LoadingPlugin {cofh.asm.LoadingPlugin}
[22:46:42] [main/DEBUG] [FML/]: Running coremod plugin LoadingPlugin
[22:46:42] [main/DEBUG] [CoFHASM/]: Adding CoFHAT: CoFHLib_at.cfg from: CoFHLib-[1.7.10]1.2.1-185.jar
[22:46:42] [main/DEBUG] [CoFHASM/]: Adding CoFHAT: MFR_at.cfg from: MineFactoryReloaded-[1.7.10]2.8.1-174.jar
[22:46:42] [main/DEBUG] [FML/]: Coremod plugin class LoadingPlugin run successfully
[22:46:42] [main/INFO] [LaunchWrapper/]: Calling tweak class cpw.mods.fml.relauncher.CoreModManager$FMLPluginWrapper
[22:46:42] [main/DEBUG] [FML/]: Injecting coremod HxCLoader {HxCKDMS.HxCCore.Asm.HxCLoader} class transformers
[22:46:42] [main/TRACE] [FML/]: Registering transformer HxCKDMS.HxCCore.Asm.HxCTransformer
[22:46:42] [main/DEBUG] [FML/]: Injection complete
[22:46:42] [main/DEBUG] [FML/]: Running coremod plugin for HxCLoader {HxCKDMS.HxCCore.Asm.HxCLoader}
[22:46:42] [main/DEBUG] [FML/]: Running coremod plugin HxCLoader
[22:46:42] [main/DEBUG] [FML/]: Coremod plugin class HxCLoader run successfully
[22:46:42] [main/INFO] [LaunchWrapper/]: Calling tweak class cpw.mods.fml.relauncher.CoreModManager$FMLPluginWrapper
[22:46:42] [main/DEBUG] [FML/]: Injecting coremod HxCLoader {hxckdms.hxccore.asm.HxCLoader} class transformers
[22:46:42] [main/TRACE] [FML/]: Registering transformer hxckdms.hxccore.asm.HxCTransformer
[22:46:42] [main/DEBUG] [FML/]: Injection complete
[22:46:42] [main/DEBUG] [FML/]: Running coremod plugin for HxCLoader {hxckdms.hxccore.asm.HxCLoader}
[22:46:42] [main/DEBUG] [FML/]: Running coremod plugin HxCLoader
[22:46:43] [main/DEBUG] [FML/]: Coremod plugin class HxCLoader run successfully
[22:46:43] [main/INFO] [LaunchWrapper/]: Calling tweak class cpw.mods.fml.relauncher.CoreModManager$FMLPluginWrapper
[22:46:43] [main/DEBUG] [FML/]: Injecting coremod RTLoadingPlugin {lumien.randomthings.Transformer.RTLoadingPlugin} class transformers
[22:46:43] [main/TRACE] [FML/]: Registering transformer lumien.randomthings.Transformer.RTClassTransformer
[22:46:43] [main/DEBUG] [FML/]: Injection complete
[22:46:43] [main/DEBUG] [FML/]: Running coremod plugin for RTLoadingPlugin {lumien.randomthings.Transformer.RTLoadingPlugin}
[22:46:43] [main/DEBUG] [FML/]: Running coremod plugin RTLoadingPlugin
[22:46:43] [main/DEBUG] [FML/]: Coremod plugin class RTLoadingPlugin run successfully
[22:46:43] [main/INFO] [LaunchWrapper/]: Calling tweak class cpw.mods.fml.relauncher.CoreModManager$FMLPluginWrapper
[22:46:43] [main/DEBUG] [FML/]: Injecting coremod EnderCorePlugin {com.enderio.core.common.transform.EnderCorePlugin} class transformers
[22:46:43] [main/TRACE] [FML/]: Registering transformer com.enderio.core.common.transform.EnderCoreTransformer
[22:46:43] [main/TRACE] [FML/]: Registering transformer com.enderio.core.common.transform.EnderCoreTransformerClient
[22:46:43] [main/DEBUG] [FML/]: Injection complete
[22:46:43] [main/DEBUG] [FML/]: Running coremod plugin for EnderCorePlugin {com.enderio.core.common.transform.EnderCorePlugin}
[22:46:43] [main/DEBUG] [FML/]: Running coremod plugin EnderCorePlugin
[22:46:43] [main/DEBUG] [FML/]: Coremod plugin class EnderCorePlugin run successfully
[22:46:43] [main/INFO] [LaunchWrapper/]: Loading tweak class name cpw.mods.fml.common.launcher.TerminalTweaker
[22:46:43] [main/INFO] [LaunchWrapper/]: Calling tweak class cpw.mods.fml.common.launcher.TerminalTweaker
[22:46:43] [main/INFO] [LaunchWrapper/]: Launching wrapped minecraft {net.minecraft.client.main.Main}
