[12:43:09] [main/INFO]: Setting user: OverMinethousand
[12:43:10] [Client thread/INFO]: LWJGL Version: 2.9.1
[12:43:27] [Client thread/INFO]: Reloading ResourceManager: Default, FMLFileResourcePack:Forge Mod Loader, FMLFileResourcePack:Minecraft Forge, FMLFileResourcePack:Not Enough Items, HxCCapeResourcePack:HxC-Core, FMLFileResourcePack:ArmorStatusHUD, FMLFileResourcePack:Ancient Trees, FMLFileResourcePack:Applied Energistics 2, FMLFileResourcePack:Aroma1997Core|Helper, FMLFileResourcePack:Aroma1997's Dimensional World, FMLFileResourcePack:Backpack, FMLFileResourcePack:Battle Towers, FMLFileResourcePack:Better Builder's Wands, FMLFileResourcePack:BiblioCraft, FMLFileResourcePack:Big Reactors, FMLFileResourcePack:The BigTrees Mod, FMLFileResourcePack:Brandon's Core, FMLFileResourcePack:Chisel, FMLFileResourcePack:Clienthax's ChocoCraft, FMLFileResourcePack:Chocolate Quest, FMLFileResourcePack:CoFH Core, FMLFileResourcePack:Draconic Evolution, FMLFileResourcePack:Dungeon Mobs, FMLFileResourcePack:Enchanting Plus, FMLFileResourcePack:EnderCore, FMLFileResourcePack:Ender IO, FMLFileResourcePack:Extra Cells 2, FMLFileResourcePack:ExtraTiC, FMLFileResourcePack:Extra Utilities, FMLFileResourcePack:Fairy Lights, FMLFileResourcePack:Forestry for Minecraft, FMLFileResourcePack:Gravestone, FMLFileResourcePack:Hats, FMLFileResourcePack:Health Indicator, FMLFileResourcePack:HxC-Core, FMLFileResourcePack:HxC-Core, FMLFileResourcePack:HxC Enchants, FMLFileResourcePack:iChunUtil, FMLFileResourcePack:Iguana Tinker Tweaks, FMLFileResourcePack:Infernal Mobs, FMLFileResourcePack:Inventory Tweaks, FMLFileResourcePack:Iron Chest, FMLFileResourcePack:JABBA, FMLFileResourcePack:JourneyMap, FMLFileResourcePack:Kore Sample, FMLFileResourcePack:Levels, FMLFileResourcePack:Loot Bags, FMLFileResourcePack:Mantle, FMLFileResourcePack:Metallurgy 4, FMLFileResourcePack:Metallurgy Core, FMLFileResourcePack:MineFactory Reloaded, FMLFileResourcePack:MFR Compat: Applied Energistics, FMLFileResourcePack:MFR Compat: Chococraft, FMLFileResourcePack:MFR Compat: Forestry, FMLFileResourcePack:MFR Compat: ForgeMicroblock, FMLFileResourcePack:MFR Compat: Thermal Expansion, FMLFileResourcePack:MFR Compat: Tinkers' Construct, FMLFileResourcePack:MFR Compat: TwilightForest, FMLFileResourcePack:MFR Compat: Vanilla, FMLFileResourcePack:§4§lMore Fuels Mod, FMLFileResourcePack:Morpheus, FMLFileResourcePack:Mouse Tweaks, FMLFileResourcePack:Mystcraft, FMLFileResourcePack:Mystical Mobs, FMLFileResourcePack:No Mob Spawning on Trees, FMLFileResourcePack:OpenBlocks, FMLFileResourcePack:OpenMods, FMLFileResourcePack:Ore Dictionary Converter, FMLFileResourcePack:Pam's HarvestCraft, FMLFileResourcePack:Random Things, FMLFileResourcePack:Reliquary, FMLFileResourcePack:libsandstone, FMLFileResourcePack:Roguelike Dungeons, FMLFileResourcePack:Simply Jetpacks, FMLFileResourcePack:Special Mobs, FMLFileResourcePack:Tinkers' Construct, FMLFileResourcePack:Thermal Expansion, FMLFileResourcePack:Thermal Foundation, FMLFileResourcePack:TiC Tooltips, FMLFileResourcePack:The Twilight Forest, FMLFileResourcePack:Waila, FMLFileResourcePack:Waila Harvestability, FMLFileResourcePack:bspkrsCore
[12:43:41] [Sound Library Loader/INFO]: Sound engine started
[12:43:41] [Client thread/INFO]: Created: 16x16 textures/blocks-atlas
[12:43:42] [Client thread/INFO]: Created: 16x16 textures/items-atlas
[12:43:54] [Client thread/INFO]: Reloading ResourceManager: Default, FMLFileResourcePack:Forge Mod Loader, FMLFileResourcePack:Minecraft Forge, FMLFileResourcePack:Not Enough Items, HxCCapeResourcePack:HxC-Core, FMLFileResourcePack:ArmorStatusHUD, FMLFileResourcePack:Ancient Trees, FMLFileResourcePack:Applied Energistics 2, FMLFileResourcePack:Aroma1997Core|Helper, FMLFileResourcePack:Aroma1997's Dimensional World, FMLFileResourcePack:Backpack, FMLFileResourcePack:Battle Towers, FMLFileResourcePack:Better Builder's Wands, FMLFileResourcePack:BiblioCraft, FMLFileResourcePack:Big Reactors, FMLFileResourcePack:The BigTrees Mod, FMLFileResourcePack:Brandon's Core, FMLFileResourcePack:Chisel, FMLFileResourcePack:Clienthax's ChocoCraft, FMLFileResourcePack:Chocolate Quest, FMLFileResourcePack:CoFH Core, FMLFileResourcePack:Draconic Evolution, FMLFileResourcePack:Dungeon Mobs, FMLFileResourcePack:Enchanting Plus, FMLFileResourcePack:EnderCore, FMLFileResourcePack:Ender IO, FMLFileResourcePack:Extra Cells 2, FMLFileResourcePack:ExtraTiC, FMLFileResourcePack:Extra Utilities, FMLFileResourcePack:Fairy Lights, FMLFileResourcePack:Forestry for Minecraft, FMLFileResourcePack:Gravestone, FMLFileResourcePack:Hats, FMLFileResourcePack:Health Indicator, FMLFileResourcePack:HxC-Core, FMLFileResourcePack:HxC-Core, FMLFileResourcePack:HxC Enchants, FMLFileResourcePack:iChunUtil, FMLFileResourcePack:Iguana Tinker Tweaks, FMLFileResourcePack:Infernal Mobs, FMLFileResourcePack:Inventory Tweaks, FMLFileResourcePack:Iron Chest, FMLFileResourcePack:JABBA, FMLFileResourcePack:JourneyMap, FMLFileResourcePack:Kore Sample, FMLFileResourcePack:Levels, FMLFileResourcePack:Loot Bags, FMLFileResourcePack:Mantle, FMLFileResourcePack:Metallurgy 4, FMLFileResourcePack:Metallurgy Core, FMLFileResourcePack:MineFactory Reloaded, FMLFileResourcePack:MFR Compat: Applied Energistics, FMLFileResourcePack:MFR Compat: Chococraft, FMLFileResourcePack:MFR Compat: Forestry, FMLFileResourcePack:MFR Compat: ForgeMicroblock, FMLFileResourcePack:MFR Compat: Thermal Expansion, FMLFileResourcePack:MFR Compat: Tinkers' Construct, FMLFileResourcePack:MFR Compat: TwilightForest, FMLFileResourcePack:MFR Compat: Vanilla, FMLFileResourcePack:§4§lMore Fuels Mod, FMLFileResourcePack:Morpheus, FMLFileResourcePack:Mouse Tweaks, FMLFileResourcePack:Mystcraft, FMLFileResourcePack:Mystical Mobs, FMLFileResourcePack:No Mob Spawning on Trees, FMLFileResourcePack:OpenBlocks, FMLFileResourcePack:OpenMods, FMLFileResourcePack:Ore Dictionary Converter, FMLFileResourcePack:Pam's HarvestCraft, FMLFileResourcePack:Random Things, FMLFileResourcePack:Reliquary, FMLFileResourcePack:libsandstone, FMLFileResourcePack:Roguelike Dungeons, FMLFileResourcePack:Simply Jetpacks, FMLFileResourcePack:Special Mobs, FMLFileResourcePack:Tinkers' Construct, FMLFileResourcePack:Thermal Expansion, FMLFileResourcePack:Thermal Foundation, FMLFileResourcePack:TiC Tooltips, FMLFileResourcePack:The Twilight Forest, FMLFileResourcePack:Waila, FMLFileResourcePack:Waila Harvestability, FMLFileResourcePack:bspkrsCore, resources, XU_Delegate_Pack, XU_Delegate_Pack, XU_Delegate_Pack, hxccapes
[12:44:05] [Client thread/INFO]: Created: 2048x2048 textures/blocks-atlas
[12:44:17] [Client thread/INFO]: Created: 2048x2048 textures/items-atlas
[12:44:18] [Sound Library Loader/INFO]: Sound engine started
[12:44:24] [Client thread/INFO]: Connecting to 192.168.2.4, 25565
[12:44:35] [Client thread/INFO]: [CHAT] InvTweaks: Configuration loaded.
[12:44:35] [Client thread/INFO]: [CHAT] Dungeon Mobs is up to date.
[12:44:35] [Client thread/INFO]: [CHAT] §6The mod Extra Cells 2 is supporting In-Game Wiki mod. §6However, In-Game Wiki isn't installed! [Download Latest]
[12:44:37] [Client thread/INFO]: [CHAT] §eJourneyMap:§f Press [§bJ§f]
[12:44:52] [Client thread/INFO]: [CHAT] §d[Draconic Evolution]§r New version available:
[12:44:52] [Client thread/INFO]: [CHAT] §aDraconic Evolution v1.0.2
[12:44:52] [Client thread/INFO]: [CHAT] More bug fixes! Hopefully fixed the chaos guardian issues once and for all...
[12:45:50] [Client thread/INFO]: [CHAT] You do not have permission to use this command
[12:58:11] [Client thread/INFO]: [CHAT] Yiez joined the game
[13:04:15] [Client thread/WARN]: Unable to play unknown soundEvent: minecraft:step.anvil
[13:10:38] [Client thread/INFO]: [CHAT] §fYiez§6 is now sleeping. 1/2 (50%)
[13:10:38] [Client thread/INFO]: [CHAT] §6Wakey, wakey, rise and shine... Good Morning everyone!
[13:14:29] [Client thread/INFO]: [CHAT] OverMinethousand has just earned the achievement [Learning to Tinker]
[13:21:43] [Client thread/INFO]: [CHAT] §fYiez§6 is now sleeping. 1/2 (50%)
[13:21:43] [Client thread/INFO]: [CHAT] §6Wakey, wakey, rise and shine... Good Morning everyone!
[13:36:07] [Client thread/INFO]: [CHAT] §fOverMinethousand§6 is now sleeping. 1/2 (50%)
[13:36:08] [Client thread/INFO]: [CHAT] §6Wakey, wakey, rise and shine... Good Morning everyone!
[13:51:37] [Client thread/INFO]: [CHAT] §3You have mastered the §fAlumite Hammer§3!
[13:51:37] [Client thread/INFO]: [CHAT] §3You feel like this tool could last forever §3(§2+1 Emerald§3)
[13:51:37] [Client thread/INFO]: [CHAT] §3You notice room for improvement §3(§6+1 Modifier§3)
[13:56:30] [Client thread/INFO]: [CHAT] You can only sleep at night
[14:05:57] [Client thread/INFO]: [CHAT] Analyzing Fence boundary
[14:05:57] [Client thread/INFO]: [CHAT] Found attached ender-marker
[14:05:57] [Client thread/INFO]: [CHAT] Sucessfully established boundary
[14:06:14] [Client thread/INFO]: [CHAT] Mining at: (-134,83,474)
[14:06:14] [Client thread/INFO]: [CHAT] 2 blocks scanned.
[14:06:16] [Client thread/INFO]: [CHAT] Mining at: (-134,83,474)
[14:06:16] [Client thread/INFO]: [CHAT] 2 blocks scanned.
[14:06:28] [Client thread/INFO]: [CHAT] Mining at: (-134,81,474)
[14:06:28] [Client thread/INFO]: [CHAT] 4 blocks scanned.
[14:06:29] [Client thread/INFO]: [CHAT] Mining at: (-134,81,474)
[14:06:29] [Client thread/INFO]: [CHAT] 4 blocks scanned.
[14:06:49] [Client thread/INFO]: [CHAT] Mining at: (-134,78,474)
[14:06:49] [Client thread/INFO]: [CHAT] 7 blocks scanned.
[14:07:29] [Client thread/INFO]: [CHAT] §fOverMinethousand§6 is now sleeping. 1/2 (50%)
[14:07:29] [Client thread/INFO]: [CHAT] §6Wakey, wakey, rise and shine... Good Morning everyone!
[14:07:57] [Client thread/INFO]: [CHAT] You do not have permission to use this command
[14:10:37] [Client thread/INFO]: [CHAT] Set side to forced-connection mode
[14:10:40] [Client thread/INFO]: [CHAT] Set side to forced-connection mode
[14:10:45] [Client thread/INFO]: [CHAT] Mining at: (-134,45,474)
[14:10:45] [Client thread/INFO]: [CHAT] 40 blocks scanned.
[14:10:46] [Client thread/INFO]: [CHAT] Mining at: (-134,45,474)
[14:10:46] [Client thread/INFO]: [CHAT] 40 blocks scanned.
[14:10:47] [Client thread/INFO]: [CHAT] Mining at: (-134,45,474)
[14:10:47] [Client thread/INFO]: [CHAT] 40 blocks scanned.
[14:11:01] [Client thread/INFO]: [CHAT] Mining at: (-134,42,474)
[14:11:01] [Client thread/INFO]: [CHAT] 43 blocks scanned.
[14:11:02] [Client thread/INFO]: [CHAT] Mining at: (-134,42,474)
[14:11:02] [Client thread/INFO]: [CHAT] 43 blocks scanned.
[14:11:10] [Client thread/INFO]: [CHAT] Set side to strong-connection mode
[14:11:15] [Client thread/INFO]: [CHAT] Set side to cable-only connection mode
[14:11:19] [Client thread/INFO]: [CHAT] Set side to standard connection mode
[14:11:21] [Client thread/INFO]: [CHAT] Set side to forced-connection mode
[14:12:10] [Client thread/INFO]: [CHAT] Mining at: (-134,33,474)
[14:12:10] [Client thread/INFO]: [CHAT] 52 blocks scanned.
[14:12:11] [Client thread/INFO]: [CHAT] Mining at: (-134,33,474)
[14:12:11] [Client thread/INFO]: [CHAT] 52 blocks scanned.
[14:12:13] [Client thread/INFO]: [CHAT] Mining at: (-134,33,474)
[14:12:13] [Client thread/INFO]: [CHAT] 52 blocks scanned.
[14:23:12] [Client thread/INFO]: [CHAT] §fYiez§6 is now sleeping. 1/2 (50%)
[14:23:12] [Client thread/INFO]: [CHAT] §6Wakey, wakey, rise and shine... Good Morning everyone!
[14:32:54] [Client thread/INFO]: [CHAT] Mining at: (-132,30,474)
[14:32:54] [Client thread/INFO]: [CHAT] 225 blocks scanned.
[14:32:56] [Client thread/INFO]: [CHAT] Mining at: (-132,30,474)
[14:32:56] [Client thread/INFO]: [CHAT] 225 blocks scanned.
[14:33:55] [Client thread/INFO]: [CHAT] Mining at: (-132,23,474)
[14:33:55] [Client thread/INFO]: [CHAT] 232 blocks scanned.
[14:33:57] [Client thread/INFO]: [CHAT] Mining at: (-132,23,474)
[14:33:57] [Client thread/INFO]: [CHAT] 232 blocks scanned.
[14:33:57] [Client thread/INFO]: [CHAT] Mining at: (-132,23,474)
[14:33:57] [Client thread/INFO]: [CHAT] 232 blocks scanned.
[14:33:58] [Client thread/INFO]: [CHAT] Mining at: (-132,23,474)
[14:33:58] [Client thread/INFO]: [CHAT] 232 blocks scanned.
[14:34:31] [Client thread/INFO]: [CHAT] Mining at: (-132,18,474)
[14:34:31] [Client thread/INFO]: [CHAT] 237 blocks scanned.
[14:34:58] [Client thread/INFO]: [CHAT] Mining at: (-132,14,474)
[14:34:58] [Client thread/INFO]: [CHAT] 241 blocks scanned.
[14:44:55] [Client thread/INFO]: [CHAT] §fYiez§6 is now sleeping. 1/2 (50%)
[14:44:55] [Client thread/INFO]: [CHAT] §6Wakey, wakey, rise and shine... Good Morning everyone!
[14:53:41] [Client thread/INFO]: [CHAT] You do not have permission to use this command
[14:55:39] [Client thread/INFO]: [CHAT] §fYiez§6 is now sleeping. 1/2 (50%)
[14:55:39] [Client thread/INFO]: [CHAT] §6Wakey, wakey, rise and shine... Good Morning everyone!
[15:05:55] [Client thread/INFO]: [CHAT] You can only sleep at night
[15:05:55] [Client thread/INFO]: [CHAT] You can only sleep at night
[15:06:29] [Client thread/INFO]: [CHAT] §fYiez§6 is now sleeping. 1/2 (50%)
[15:06:29] [Client thread/INFO]: [CHAT] §6Wakey, wakey, rise and shine... Good Morning everyone!
[15:17:15] [Client thread/INFO]: [CHAT] §fYiez§6 is now sleeping. 1/2 (50%)
[15:17:15] [Client thread/INFO]: [CHAT] §6Wakey, wakey, rise and shine... Good Morning everyone!
[15:19:41] [Client thread/INFO]: [CHAT] You do not have permission to use this command
[15:21:06] [Client thread/INFO]: [CHAT] Set side to forced-connection mode
[15:27:59] [Client thread/INFO]: [CHAT] §fYiez§6 is now sleeping. 1/2 (50%)
[15:27:59] [Client thread/INFO]: [CHAT] §6Wakey, wakey, rise and shine... Good Morning everyone!
[15:39:02] [Client thread/INFO]: [CHAT] §3You begin to feel comfortable handling the §fDamascus Steel Rapier§3
[15:39:02] [Client thread/INFO]: [CHAT] §3It starts to feels more hot to the touch §3(§6+1 Fiery§3)
[15:39:02] [Client thread/INFO]: [CHAT] §3You notice room for improvement §3(§6+1 Modifier§3)
[15:39:14] [Client thread/INFO]: [CHAT] §fOverMinethousand§6 is now sleeping. 1/2 (50%)
[15:39:14] [Client thread/INFO]: [CHAT] §6Wakey, wakey, rise and shine... Good Morning everyone!
[15:41:00] [Client thread/INFO]: [CHAT] Set side to forced-connection mode
[15:41:00] [Client thread/INFO]: [CHAT] Set side to strong-connection mode
[15:41:00] [Client thread/INFO]: [CHAT] Set side to cable-only connection mode
[15:41:00] [Client thread/INFO]: [CHAT] Yiez left the game
[15:41:07] [Client thread/INFO]: [CHAT] Set side to standard connection mode
[15:41:09] [Client thread/INFO]: [CHAT] Set side to forced-connection mode
[15:41:12] [Client thread/INFO]: [CHAT] Yiez joined the game
[15:50:33] [Client thread/INFO]: [CHAT] §fOverMinethousand§6 is now sleeping. 1/2 (50%)
[15:50:33] [Client thread/INFO]: [CHAT] §6Wakey, wakey, rise and shine... Good Morning everyone!
[15:52:59] [Client thread/WARN]: Unable to play unknown soundEvent: minecraft:mob.spider
[16:00:56] [Client thread/INFO]: [CHAT] You can only sleep at night
[16:00:57] [Client thread/INFO]: [CHAT] You can only sleep at night
[16:01:24] [Client thread/INFO]: [CHAT] §fOverMinethousand§6 is now sleeping. 1/2 (50%)
[16:01:24] [Client thread/INFO]: [CHAT] §6Wakey, wakey, rise and shine... Good Morning everyone!
[16:07:41] [Client thread/INFO]: [CHAT] Yiez fell from a high place
[16:09:48] [Client thread/INFO]: Warning: Clientside chunk ticking took 112 ms
[16:09:53] [Client thread/INFO]: Warning: Clientside chunk ticking took 220 ms
[16:09:54] [Client thread/INFO]: Warning: Clientside chunk ticking took 182 ms
[16:09:57] [Client thread/INFO]: Warning: Clientside chunk ticking took 158 ms
[16:12:05] [Client thread/INFO]: [CHAT] §fYiez§6 is now sleeping. 1/2 (50%)
[16:12:05] [Client thread/INFO]: [CHAT] §6Wakey, wakey, rise and shine... Good Morning everyone!
[16:20:45] [Client thread/WARN]: Unable to play unknown soundEvent: minecraft:step.anvil
[16:26:46] [Client thread/WARN]: Unable to play unknown soundEvent: minecraft:step.anvil
[16:39:47] [Client thread/INFO]: Stopping!
